mode: set
github.com/petrabarus/github-action-committer-coverage-stats/main.go:10.13,12.16 2 0
github.com/petrabarus/github-action-committer-coverage-stats/main.go:12.16,14.3 1 0
github.com/petrabarus/github-action-committer-coverage-stats/main.go:15.2,15.29 1 0
github.com/petrabarus/github-action-committer-coverage-stats/internal/config.go:27.43,31.16 3 1
github.com/petrabarus/github-action-committer-coverage-stats/internal/config.go:31.16,34.3 2 0
github.com/petrabarus/github-action-committer-coverage-stats/internal/config.go:36.2,37.16 2 1
github.com/petrabarus/github-action-committer-coverage-stats/internal/config.go:37.16,40.3 2 1
github.com/petrabarus/github-action-committer-coverage-stats/internal/config.go:42.2,42.21 1 1
github.com/petrabarus/github-action-committer-coverage-stats/internal/config.go:45.51,48.24 2 1
github.com/petrabarus/github-action-committer-coverage-stats/internal/config.go:48.24,50.3 1 0
github.com/petrabarus/github-action-committer-coverage-stats/internal/config.go:52.2,53.16 2 1
github.com/petrabarus/github-action-committer-coverage-stats/internal/config.go:53.16,55.3 1 0
github.com/petrabarus/github-action-committer-coverage-stats/internal/config.go:56.2,59.25 3 1
github.com/petrabarus/github-action-committer-coverage-stats/internal/config.go:59.25,61.3 1 0
github.com/petrabarus/github-action-committer-coverage-stats/internal/config.go:62.2,65.22 3 1
github.com/petrabarus/github-action-committer-coverage-stats/internal/config.go:65.22,67.3 1 0
github.com/petrabarus/github-action-committer-coverage-stats/internal/config.go:69.2,70.25 2 1
github.com/petrabarus/github-action-committer-coverage-stats/internal/config.go:70.25,72.3 1 0
github.com/petrabarus/github-action-committer-coverage-stats/internal/config.go:74.2,75.23 2 1
github.com/petrabarus/github-action-committer-coverage-stats/internal/config.go:75.23,77.3 1 0
github.com/petrabarus/github-action-committer-coverage-stats/internal/config.go:79.2,79.12 1 1
github.com/petrabarus/github-action-committer-coverage-stats/internal/config.go:82.52,85.31 2 1
github.com/petrabarus/github-action-committer-coverage-stats/internal/config.go:85.31,87.3 1 0
github.com/petrabarus/github-action-committer-coverage-stats/internal/config.go:90.2,91.30 2 1
github.com/petrabarus/github-action-committer-coverage-stats/internal/config.go:91.30,93.3 1 0
github.com/petrabarus/github-action-committer-coverage-stats/internal/config.go:96.2,97.28 2 1
github.com/petrabarus/github-action-committer-coverage-stats/internal/config.go:97.28,99.3 1 0
github.com/petrabarus/github-action-committer-coverage-stats/internal/config.go:102.2,103.32 2 1
github.com/petrabarus/github-action-committer-coverage-stats/internal/config.go:103.32,105.3 1 0
github.com/petrabarus/github-action-committer-coverage-stats/internal/config.go:108.2,109.35 2 1
github.com/petrabarus/github-action-committer-coverage-stats/internal/config.go:109.35,111.3 1 0
github.com/petrabarus/github-action-committer-coverage-stats/internal/config.go:114.2,115.34 2 1
github.com/petrabarus/github-action-committer-coverage-stats/internal/config.go:115.34,117.3 1 0
github.com/petrabarus/github-action-committer-coverage-stats/internal/config.go:120.2,121.32 2 1
github.com/petrabarus/github-action-committer-coverage-stats/internal/config.go:121.32,123.3 1 1
github.com/petrabarus/github-action-committer-coverage-stats/internal/config.go:125.2,125.12 1 1
