mode: set
github.com/petrabarus/github-action-committer-coverage-stats/main.go:10.13,13.16 2 0
github.com/petrabarus/github-action-committer-coverage-stats/main.go:13.16,15.3 1 0
github.com/petrabarus/github-action-committer-coverage-stats/main.go:16.2,20.16 3 0
github.com/petrabarus/github-action-committer-coverage-stats/main.go:20.16,22.3 1 0
github.com/petrabarus/github-action-committer-coverage-stats/main.go:23.2,27.16 3 0
github.com/petrabarus/github-action-committer-coverage-stats/main.go:27.16,29.3 1 0
github.com/petrabarus/github-action-committer-coverage-stats/main.go:30.2,30.26 1 0
github.com/petrabarus/github-action-committer-coverage-stats/internal/config.go:28.43,32.16 3 1
github.com/petrabarus/github-action-committer-coverage-stats/internal/config.go:32.16,35.3 2 0
github.com/petrabarus/github-action-committer-coverage-stats/internal/config.go:37.2,38.16 2 1
github.com/petrabarus/github-action-committer-coverage-stats/internal/config.go:38.16,41.3 2 1
github.com/petrabarus/github-action-committer-coverage-stats/internal/config.go:43.2,43.21 1 1
github.com/petrabarus/github-action-committer-coverage-stats/internal/config.go:46.51,48.28 2 1
github.com/petrabarus/github-action-committer-coverage-stats/internal/config.go:48.28,50.3 1 0
github.com/petrabarus/github-action-committer-coverage-stats/internal/config.go:52.2,53.24 2 1
github.com/petrabarus/github-action-committer-coverage-stats/internal/config.go:53.24,55.3 1 0
github.com/petrabarus/github-action-committer-coverage-stats/internal/config.go:56.2,57.16 2 1
github.com/petrabarus/github-action-committer-coverage-stats/internal/config.go:57.16,59.3 1 0
github.com/petrabarus/github-action-committer-coverage-stats/internal/config.go:60.2,63.25 3 1
github.com/petrabarus/github-action-committer-coverage-stats/internal/config.go:63.25,65.3 1 0
github.com/petrabarus/github-action-committer-coverage-stats/internal/config.go:66.2,69.22 3 1
github.com/petrabarus/github-action-committer-coverage-stats/internal/config.go:69.22,71.3 1 0
github.com/petrabarus/github-action-committer-coverage-stats/internal/config.go:73.2,74.25 2 1
github.com/petrabarus/github-action-committer-coverage-stats/internal/config.go:74.25,76.3 1 0
github.com/petrabarus/github-action-committer-coverage-stats/internal/config.go:78.2,79.23 2 1
github.com/petrabarus/github-action-committer-coverage-stats/internal/config.go:79.23,81.3 1 0
github.com/petrabarus/github-action-committer-coverage-stats/internal/config.go:83.2,83.12 1 1
github.com/petrabarus/github-action-committer-coverage-stats/internal/config.go:86.52,89.31 2 1
github.com/petrabarus/github-action-committer-coverage-stats/internal/config.go:89.31,91.3 1 0
github.com/petrabarus/github-action-committer-coverage-stats/internal/config.go:94.2,95.30 2 1
github.com/petrabarus/github-action-committer-coverage-stats/internal/config.go:95.30,97.3 1 0
github.com/petrabarus/github-action-committer-coverage-stats/internal/config.go:100.2,101.28 2 1
github.com/petrabarus/github-action-committer-coverage-stats/internal/config.go:101.28,103.3 1 0
github.com/petrabarus/github-action-committer-coverage-stats/internal/config.go:106.2,107.32 2 1
github.com/petrabarus/github-action-committer-coverage-stats/internal/config.go:107.32,109.3 1 0
github.com/petrabarus/github-action-committer-coverage-stats/internal/config.go:112.2,113.35 2 1
github.com/petrabarus/github-action-committer-coverage-stats/internal/config.go:113.35,115.3 1 0
github.com/petrabarus/github-action-committer-coverage-stats/internal/config.go:118.2,119.34 2 1
github.com/petrabarus/github-action-committer-coverage-stats/internal/config.go:119.34,121.3 1 0
github.com/petrabarus/github-action-committer-coverage-stats/internal/config.go:124.2,125.32 2 1
github.com/petrabarus/github-action-committer-coverage-stats/internal/config.go:125.32,127.3 1 1
github.com/petrabarus/github-action-committer-coverage-stats/internal/config.go:129.2,129.12 1 1
github.com/petrabarus/github-action-committer-coverage-stats/internal/coverage.go:17.59,20.2 2 0
github.com/petrabarus/github-action-committer-coverage-stats/internal/git.go:6.58,9.2 2 0
